<?xml version="1.0" encoding="UTF-8"?>
<testsuite xmlns:xsi="http://www.w3.org/2001/XMLSchema-instance" xsi:noNamespaceSchemaLocation="https://maven.apache.org/surefire/maven-surefire-plugin/xsd/surefire-test-report-3.0.xsd" version="3.0" name="service.movie.MovieGenreServiceTest" time="0.188" tests="5" errors="0" skipped="0" failures="0">
  <properties>
    <property name="java.specification.version" value="23"/>
    <property name="sun.jnu.encoding" value="UTF-8"/>
    <property name="java.class.path" value="/Users/tz_kai/Documents/UPENN/Spring 2025/CIT 5940/Project/cit-5940-final-project-group-4-main/target/test-classes:/Users/tz_kai/Documents/UPENN/Spring 2025/CIT 5940/Project/cit-5940-final-project-group-4-main/target/classes:/Users/tz_kai/.m2/repository/junit/junit/4.13.2/junit-4.13.2.jar:/Users/tz_kai/.m2/repository/org/hamcrest/hamcrest-core/1.3/hamcrest-core-1.3.jar:/Users/tz_kai/.m2/repository/org/projectlombok/lombok/1.18.30/lombok-1.18.30.jar:/Users/tz_kai/.m2/repository/org/slf4j/slf4j-api/1.7.36/slf4j-api-1.7.36.jar:/Users/tz_kai/.m2/repository/org/slf4j/slf4j-simple/1.7.36/slf4j-simple-1.7.36.jar:/Users/tz_kai/.m2/repository/com/squareup/okhttp3/okhttp/4.9.3/okhttp-4.9.3.jar:/Users/tz_kai/.m2/repository/com/squareup/okio/okio/2.8.0/okio-2.8.0.jar:/Users/tz_kai/.m2/repository/org/jetbrains/kotlin/kotlin-stdlib-common/1.4.0/kotlin-stdlib-common-1.4.0.jar:/Users/tz_kai/.m2/repository/org/jetbrains/kotlin/kotlin-stdlib/1.4.10/kotlin-stdlib-1.4.10.jar:/Users/tz_kai/.m2/repository/org/jetbrains/annotations/13.0/annotations-13.0.jar:/Users/tz_kai/.m2/repository/com/squareup/okhttp3/mockwebserver/4.9.3/mockwebserver-4.9.3.jar:/Users/tz_kai/.m2/repository/org/jetbrains/kotlin/kotlin-stdlib-jdk8/1.4.10/kotlin-stdlib-jdk8-1.4.10.jar:/Users/tz_kai/.m2/repository/org/jetbrains/kotlin/kotlin-stdlib-jdk7/1.4.10/kotlin-stdlib-jdk7-1.4.10.jar:/Users/tz_kai/.m2/repository/com/googlecode/lanterna/lanterna/3.0.4/lanterna-3.0.4.jar:/Users/tz_kai/.m2/repository/com/fasterxml/jackson/core/jackson-databind/2.12.7/jackson-databind-2.12.7.jar:/Users/tz_kai/.m2/repository/com/fasterxml/jackson/core/jackson-core/2.12.7/jackson-core-2.12.7.jar:/Users/tz_kai/.m2/repository/com/fasterxml/jackson/core/jackson-annotations/2.12.7/jackson-annotations-2.12.7.jar:"/>
    <property name="java.vm.vendor" value="Homebrew"/>
    <property name="sun.arch.data.model" value="64"/>
    <property name="java.vendor.url" value="https://github.com/Homebrew/homebrew-core/issues"/>
    <property name="user.timezone" value="America/New_York"/>
    <property name="os.name" value="Mac OS X"/>
    <property name="java.vm.specification.version" value="23"/>
    <property name="sun.java.launcher" value="SUN_STANDARD"/>
    <property name="user.country" value="US"/>
    <property name="sun.boot.library.path" value="/opt/homebrew/Cellar/openjdk/23.0.2/libexec/openjdk.jdk/Contents/Home/lib"/>
    <property name="sun.java.command" value="/Users/tz_kai/Documents/UPENN/Spring 2025/CIT 5940/Project/cit-5940-final-project-group-4-main/target/surefire/surefirebooter-20250511170015784_3.jar /Users/tz_kai/Documents/UPENN/Spring 2025/CIT 5940/Project/cit-5940-final-project-group-4-main/target/surefire 2025-05-11T17-00-15_747-jvmRun1 surefire-20250511170015784_1tmp surefire_0-20250511170015784_2tmp"/>
    <property name="http.nonProxyHosts" value="local|*.local|169.254/16|*.169.254/16"/>
    <property name="jdk.debug" value="release"/>
    <property name="surefire.test.class.path" value="/Users/tz_kai/Documents/UPENN/Spring 2025/CIT 5940/Project/cit-5940-final-project-group-4-main/target/test-classes:/Users/tz_kai/Documents/UPENN/Spring 2025/CIT 5940/Project/cit-5940-final-project-group-4-main/target/classes:/Users/tz_kai/.m2/repository/junit/junit/4.13.2/junit-4.13.2.jar:/Users/tz_kai/.m2/repository/org/hamcrest/hamcrest-core/1.3/hamcrest-core-1.3.jar:/Users/tz_kai/.m2/repository/org/projectlombok/lombok/1.18.30/lombok-1.18.30.jar:/Users/tz_kai/.m2/repository/org/slf4j/slf4j-api/1.7.36/slf4j-api-1.7.36.jar:/Users/tz_kai/.m2/repository/org/slf4j/slf4j-simple/1.7.36/slf4j-simple-1.7.36.jar:/Users/tz_kai/.m2/repository/com/squareup/okhttp3/okhttp/4.9.3/okhttp-4.9.3.jar:/Users/tz_kai/.m2/repository/com/squareup/okio/okio/2.8.0/okio-2.8.0.jar:/Users/tz_kai/.m2/repository/org/jetbrains/kotlin/kotlin-stdlib-common/1.4.0/kotlin-stdlib-common-1.4.0.jar:/Users/tz_kai/.m2/repository/org/jetbrains/kotlin/kotlin-stdlib/1.4.10/kotlin-stdlib-1.4.10.jar:/Users/tz_kai/.m2/repository/org/jetbrains/annotations/13.0/annotations-13.0.jar:/Users/tz_kai/.m2/repository/com/squareup/okhttp3/mockwebserver/4.9.3/mockwebserver-4.9.3.jar:/Users/tz_kai/.m2/repository/org/jetbrains/kotlin/kotlin-stdlib-jdk8/1.4.10/kotlin-stdlib-jdk8-1.4.10.jar:/Users/tz_kai/.m2/repository/org/jetbrains/kotlin/kotlin-stdlib-jdk7/1.4.10/kotlin-stdlib-jdk7-1.4.10.jar:/Users/tz_kai/.m2/repository/com/googlecode/lanterna/lanterna/3.0.4/lanterna-3.0.4.jar:/Users/tz_kai/.m2/repository/com/fasterxml/jackson/core/jackson-databind/2.12.7/jackson-databind-2.12.7.jar:/Users/tz_kai/.m2/repository/com/fasterxml/jackson/core/jackson-core/2.12.7/jackson-core-2.12.7.jar:/Users/tz_kai/.m2/repository/com/fasterxml/jackson/core/jackson-annotations/2.12.7/jackson-annotations-2.12.7.jar:"/>
    <property name="sun.cpu.endian" value="little"/>
    <property name="user.home" value="/Users/tz_kai"/>
    <property name="user.language" value="en"/>
    <property name="java.specification.vendor" value="Oracle Corporation"/>
    <property name="java.version.date" value="2025-01-21"/>
    <property name="java.home" value="/opt/homebrew/Cellar/openjdk/23.0.2/libexec/openjdk.jdk/Contents/Home"/>
    <property name="file.separator" value="/"/>
    <property name="basedir" value="/Users/tz_kai/Documents/UPENN/Spring 2025/CIT 5940/Project/cit-5940-final-project-group-4-main"/>
    <property name="java.vm.compressedOopsMode" value="Zero based"/>
    <property name="line.separator" value="&#10;"/>
    <property name="java.vm.specification.vendor" value="Oracle Corporation"/>
    <property name="java.specification.name" value="Java Platform API Specification"/>
    <property name="apple.awt.application.name" value="ForkedBooter"/>
    <property name="surefire.real.class.path" value="/Users/tz_kai/Documents/UPENN/Spring 2025/CIT 5940/Project/cit-5940-final-project-group-4-main/target/surefire/surefirebooter-20250511170015784_3.jar"/>
    <property name="sun.management.compiler" value="HotSpot 64-Bit Tiered Compilers"/>
    <property name="ftp.nonProxyHosts" value="local|*.local|169.254/16|*.169.254/16"/>
    <property name="java.runtime.version" value="23.0.2"/>
    <property name="user.name" value="tz_kai"/>
    <property name="stdout.encoding" value="UTF-8"/>
    <property name="path.separator" value=":"/>
    <property name="os.version" value="15.3.2"/>
    <property name="java.runtime.name" value="OpenJDK Runtime Environment"/>
    <property name="file.encoding" value="UTF-8"/>
    <property name="java.vm.name" value="OpenJDK 64-Bit Server VM"/>
    <property name="java.vendor.version" value="Homebrew"/>
    <property name="localRepository" value="/Users/tz_kai/.m2/repository"/>
    <property name="java.vendor.url.bug" value="https://github.com/Homebrew/homebrew-core/issues"/>
    <property name="java.io.tmpdir" value="/var/folders/ym/q8jnszrn4bz3lsf_6q0d4_9w0000gn/T/"/>
    <property name="java.version" value="23.0.2"/>
    <property name="user.dir" value="/Users/tz_kai/Documents/UPENN/Spring 2025/CIT 5940/Project/cit-5940-final-project-group-4-main"/>
    <property name="os.arch" value="aarch64"/>
    <property name="java.vm.specification.name" value="Java Virtual Machine Specification"/>
    <property name="native.encoding" value="UTF-8"/>
    <property name="java.library.path" value="/Users/tz_kai/Library/Java/Extensions:/Library/Java/Extensions:/Network/Library/Java/Extensions:/System/Library/Java/Extensions:/usr/lib/java:."/>
    <property name="java.vm.info" value="mixed mode, sharing"/>
    <property name="stderr.encoding" value="UTF-8"/>
    <property name="java.vendor" value="Homebrew"/>
    <property name="java.vm.version" value="23.0.2"/>
    <property name="sun.io.unicode.encoding" value="UnicodeBig"/>
    <property name="socksNonProxyHosts" value="local|*.local|169.254/16|*.169.254/16"/>
    <property name="java.class.version" value="67.0"/>
  </properties>
  <testcase name="testSingletonInstance" classname="service.movie.MovieGenreServiceTest" time="0.187"/>
  <testcase name="testInitializeGenresWithEmptyApiResponse" classname="service.movie.MovieGenreServiceTest" time="0.0"/>
  <testcase name="testGetGenreId" classname="service.movie.MovieGenreServiceTest" time="0.0"/>
  <testcase name="testHasGenre" classname="service.movie.MovieGenreServiceTest" time="0.001"/>
  <testcase name="testGetGenreName" classname="service.movie.MovieGenreServiceTest" time="0.0"/>
</testsuite>